Build started 26.11.2012 16:50:37.
     1>Project "d:\eigene dateien\documents\visual studio 2010\Projects\Skiplist\Skiplist\Skiplist.vcxproj" on node 2 (build target(s)).
     1>InitializeBuildStatus:
         Creating "Debug\Skiplist.unsuccessfulbuild" because "AlwaysCreate" was specified.
       ClCompile:
         C:\Program Files (x86)\Microsoft Visual Studio 10.0\VC\bin\CL.exe /c /ZI /nologo /W3 /WX- /Od /Oy- /D WIN32 /D _DEBUG /D _CONSOLE /D _UNICODE /D UNICODE /Gm /EHsc /RTC1 /MDd /GS /fp:precise /Zc:wchar_t /Zc:forScope /Fo"Debug\\" /Fd"Debug\vc100.pdb" /Gd /TP /analyze- /errorReport:prompt Skiplist.cpp main.cpp
         main.cpp
         Skiplist.cpp
     1>d:\eigene dateien\documents\visual studio 2010\projects\skiplist\skiplist\skiplist.cpp(38): warning C4018: '<' : signed/unsigned mismatch
     1>d:\eigene dateien\documents\visual studio 2010\projects\skiplist\skiplist\skiplist.cpp(114): warning C4244: 'argument' : conversion from 'time_t' to 'unsigned int', possible loss of data
         Generating Code...
       ManifestResourceCompile:
         All outputs are up-to-date.
       Link:
         C:\Program Files (x86)\Microsoft Visual Studio 10.0\VC\bin\link.exe /ERRORREPORT:PROMPT /OUT:"d:\eigene dateien\documents\visual studio 2010\Projects\Skiplist\Debug\Skiplist.exe" /INCREMENTAL /NOLOGO kernel32.lib user32.lib gdi32.lib winspool.lib comdlg32.lib advapi32.lib shell32.lib ole32.lib oleaut32.lib uuid.lib odbc32.lib odbccp32.lib /MANIFEST /ManifestFile:"Debug\Skiplist.exe.intermediate.manifest" /MANIFESTUAC:"level='asInvoker' uiAccess='false'" /DEBUG /PDB:"d:\eigene dateien\documents\visual studio 2010\Projects\Skiplist\Debug\Skiplist.pdb" /SUBSYSTEM:CONSOLE /TLBID:1 /DYNAMICBASE /NXCOMPAT /IMPLIB:"d:\eigene dateien\documents\visual studio 2010\Projects\Skiplist\Debug\Skiplist.lib" /MACHINE:X86 Debug\Skiplist.exe.embed.manifest.res
         Debug\main.obj
         Debug\Node.obj
         Debug\Skiplist.obj
       Manifest:
         C:\Program Files (x86)\Microsoft SDKs\Windows\v7.0A\bin\mt.exe /nologo /verbose /out:"Debug\Skiplist.exe.embed.manifest" /manifest Debug\Skiplist.exe.intermediate.manifest
         All outputs are up-to-date.
       LinkEmbedManifest:
         All outputs are up-to-date.
         Skiplist.vcxproj -> d:\eigene dateien\documents\visual studio 2010\Projects\Skiplist\Debug\Skiplist.exe
       FinalizeBuildStatus:
         Deleting file "Debug\Skiplist.unsuccessfulbuild".
         Touching "Debug\Skiplist.lastbuildstate".
     1>Done Building Project "d:\eigene dateien\documents\visual studio 2010\Projects\Skiplist\Skiplist\Skiplist.vcxproj" (build target(s)).

Build succeeded.

Time Elapsed 00:00:02.02
